Determining if the pthread_create exist failed with the following output:
Change Dir: /home/alon/ClionProjects/innometrics/LinuxMetricsCollector/InnoMetrics/cmake-build-debug/CMakeFiles/CMakeTmp

Run Build Command:"/usr/bin/make" "cmTC_4f948/fast"
/usr/bin/make -f CMakeFiles/cmTC_4f948.dir/build.make CMakeFiles/cmTC_4f948.dir/build
make[1]: Entering directory '/home/alon/ClionProjects/innometrics/LinuxMetricsCollector/InnoMetrics/cmake-build-debug/CMakeFiles/CMakeTmp'
Building C object CMakeFiles/cmTC_4f948.dir/CheckSymbolExists.c.o
/usr/bin/cc     -o CMakeFiles/cmTC_4f948.dir/CheckSymbolExists.c.o   -c /home/alon/ClionProjects/innometrics/LinuxMetricsCollector/InnoMetrics/cmake-build-debug/CMakeFiles/CMakeTmp/CheckSymbolExists.c
Linking C executable cmTC_4f948
/home/alon/Downloads/clion-2016.2.2/bin/cmake/bin/cmake -E cmake_link_script CMakeFiles/cmTC_4f948.dir/link.txt --verbose=1
/usr/bin/cc       CMakeFiles/cmTC_4f948.dir/CheckSymbolExists.c.o  -o cmTC_4f948 -rdynamic 
CMakeFiles/cmTC_4f948.dir/CheckSymbolExists.c.o: In function `main':
CheckSymbolExists.c:(.text+0x16): undefined reference to `pthread_create'
collect2: error: ld returned 1 exit status
CMakeFiles/cmTC_4f948.dir/build.make:97: recipe for target 'cmTC_4f948' failed
make[1]: *** [cmTC_4f948] Error 1
make[1]: Leaving directory '/home/alon/ClionProjects/innometrics/LinuxMetricsCollector/InnoMetrics/cmake-build-debug/CMakeFiles/CMakeTmp'
Makefile:126: recipe for target 'cmTC_4f948/fast' failed
make: *** [cmTC_4f948/fast] Error 2

File /home/alon/ClionProjects/innometrics/LinuxMetricsCollector/InnoMetrics/cmake-build-debug/CMakeFiles/CMakeTmp/CheckSymbolExists.c:
/* */
#include <pthread.h>

int main(int argc, char** argv)
{
  (void)argv;
#ifndef pthread_create
  return ((int*)(&pthread_create))[argc];
#else
  (void)argc;
  return 0;
#endif
}

Determining if the function pthread_create exists in the pthreads failed with the following output:
Change Dir: /home/alon/ClionProjects/innometrics/LinuxMetricsCollector/InnoMetrics/cmake-build-debug/CMakeFiles/CMakeTmp

Run Build Command:"/usr/bin/make" "cmTC_94fcb/fast"
/usr/bin/make -f CMakeFiles/cmTC_94fcb.dir/build.make CMakeFiles/cmTC_94fcb.dir/build
make[1]: Entering directory '/home/alon/ClionProjects/innometrics/LinuxMetricsCollector/InnoMetrics/cmake-build-debug/CMakeFiles/CMakeTmp'
Building C object CMakeFiles/cmTC_94fcb.dir/CheckFunctionExists.c.o
/usr/bin/cc    -DCHECK_FUNCTION_EXISTS=pthread_create   -o CMakeFiles/cmTC_94fcb.dir/CheckFunctionExists.c.o   -c /home/alon/Downloads/clion-2016.2.2/bin/cmake/share/cmake-3.6/Modules/CheckFunctionExists.c
Linking C executable cmTC_94fcb
/home/alon/Downloads/clion-2016.2.2/bin/cmake/bin/cmake -E cmake_link_script CMakeFiles/cmTC_94fcb.dir/link.txt --verbose=1
/usr/bin/cc   -DCHECK_FUNCTION_EXISTS=pthread_create    CMakeFiles/cmTC_94fcb.dir/CheckFunctionExists.c.o  -o cmTC_94fcb -rdynamic -lpthreads 
/usr/bin/ld: cannot find -lpthreads
collect2: error: ld returned 1 exit status
CMakeFiles/cmTC_94fcb.dir/build.make:97: recipe for target 'cmTC_94fcb' failed
make[1]: *** [cmTC_94fcb] Error 1
make[1]: Leaving directory '/home/alon/ClionProjects/innometrics/LinuxMetricsCollector/InnoMetrics/cmake-build-debug/CMakeFiles/CMakeTmp'
Makefile:126: recipe for target 'cmTC_94fcb/fast' failed
make: *** [cmTC_94fcb/fast] Error 2


